<?xml version="1.0" encoding="UTF-8"?>
<!-- Generated by org.testng.reporters.JUnitXMLReporter -->
<testsuite ignored="0" hostname="DESKTOP-PK86BAT" failures="0" tests="1" name="BankingApp Test" time="0.965" errors="0" timestamp="2024-01-06T12:29:26 IST">
  <testcase classname="Selenium_Test_Cases.Selenium_Base_Class" name="@BeforeClass setup" time="0.685">
    <failure type="java.lang.NullPointerException">
      <![CDATA[java.lang.NullPointerException
at java.base/java.util.concurrent.ConcurrentHashMap.putVal(ConcurrentHashMap.java:1011)
at java.base/java.util.concurrent.ConcurrentHashMap.put(ConcurrentHashMap.java:1006)
at java.base/java.util.Properties.put(Properties.java:1301)
at java.base/java.util.Properties.setProperty(Properties.java:229)
at java.base/java.lang.System.setProperty(System.java:999)
at Selenium_Test_Cases.Selenium_Base_Class.setup(Selenium_Base_Class.java:41)
at java.base/java.util.ArrayList.forEach(ArrayList.java:1511)
... Removed 25 stack frames]]>
    </failure>
  </testcase> <!-- @BeforeClass setup -->
  <testcase classname="Selenium_Test_Cases.Selenium_Base_Class" name="@AfterClass tearDown" time="0.0">
    <skipped/>
  </testcase> <!-- @AfterClass tearDown -->
  <testcase classname="Selenium_Test_Cases.TC001_Login_Test" name="logintest" time="0.001">
    <skipped/>
  </testcase> <!-- logintest -->
</testsuite> <!-- BankingApp Test -->
